<?xml version="1.0" encoding="UTF-8"?>
<!-- Generated by org.testng.reporters.JUnitXMLReporter -->
<testsuite ignored="0" hostname="BLACKBEARD" failures="0" tests="3" name="Various functionality of Practo WebApplication" time="34.0" errors="0" timestamp="2023-03-09T14:16:37 IST">
  <testcase classname="testSuites.TestCases" name="testHospitalFinder" time="15.804"/>
  <testcase classname="testSuites.TestCases" name="testCorporateWellness" time="10.381"/>
  <testcase classname="testSuites.TestCases" name="testTopCities" time="6.011"/>
</testsuite> <!-- Various functionality of Practo WebApplication -->
