<?xml version="1.0" encoding="UTF-8"?>
<!-- Generated by org.testng.reporters.JUnitXMLReporter -->
<testsuite ignored="2" hostname="BLACKBEARD" failures="0" tests="1" name="Default test" time="6.248" errors="0" timestamp="2023-03-08T12:38:27 IST">
  <testcase classname="testSuites.TestCases" name="testTopCities" time="5.749"/>
  <testcase classname="testSuites.TestCases" name="testCorporateWellness" time="0.0">
    <ignored/>
  </testcase> <!-- testCorporateWellness -->
  <testcase classname="testSuites.TestCases" name="testHospitalFinder" time="0.0">
    <ignored/>
  </testcase> <!-- testHospitalFinder -->
</testsuite> <!-- Default test -->
